<?xml version="1.0" encoding="UTF-8"?>
<!-- Generated by org.testng.reporters.JUnitReportReporter -->
<testsuite skipped="0" hostname="Malisha-PC" name="restassuredMayBatchTest.getstateinfo" tests="1" failures="0" timestamp="07 Oct 2019 02:12:35 GMT" time="2.519" errors="0">
  <testcase name="GetCallBDD" time="2.519" classname="restassuredMayBatchTest.getstateinfo"/>
</testsuite> <!-- restassuredMayBatchTest.getstateinfo -->
